[2025-06-18 14:30:30] production.ERROR: Unable to prepare route [api/logout] for serialization. Another route has already been assigned name [logout]. {"exception":"[object] (LogicException(code: 0): Unable to prepare route [api/logout] for serialization. Another route has already been assigned name [logout]. at C:\\Users\\akhfi\\Documents\\!Kuliah\\!Mata_Kuliah\\Semester 4\\Pengembangan Aplikasi Web Lanjut A\\Ecoin-Hosted\\vendor\\laravel\\framework\\src\\Illuminate\\Routing\\AbstractRouteCollection.php:248)
[stacktrace]
#0 C:\\Users\\akhfi\\Documents\\!Kuliah\\!Mata_Kuliah\\Semester 4\\Pengembangan Aplikasi Web Lanjut A\\Ecoin-Hosted\\vendor\\laravel\\framework\\src\\Illuminate\\Routing\\AbstractRouteCollection.php(209): Illuminate\\Routing\\AbstractRouteCollection->addToSymfonyRoutesCollection(Object(Symfony\\Component\\Routing\\RouteCollection), Object(Illuminate\\Routing\\Route))
#1 C:\\Users\\akhfi\\Documents\\!Kuliah\\!Mata_Kuliah\\Semester 4\\Pengembangan Aplikasi Web Lanjut A\\Ecoin-Hosted\\vendor\\laravel\\framework\\src\\Illuminate\\Routing\\RouteCollection.php(246): Illuminate\\Routing\\AbstractRouteCollection->toSymfonyRouteCollection()
#2 C:\\Users\\akhfi\\Documents\\!Kuliah\\!Mata_Kuliah\\Semester 4\\Pengembangan Aplikasi Web Lanjut A\\Ecoin-Hosted\\vendor\\laravel\\framework\\src\\Illuminate\\Routing\\AbstractRouteCollection.php(193): Illuminate\\Routing\\RouteCollection->toSymfonyRouteCollection()
#3 C:\\Users\\akhfi\\Documents\\!Kuliah\\!Mata_Kuliah\\Semester 4\\Pengembangan Aplikasi Web Lanjut A\\Ecoin-Hosted\\vendor\\laravel\\framework\\src\\Illuminate\\Routing\\AbstractRouteCollection.php(164): Illuminate\\Routing\\AbstractRouteCollection->dumper()
#4 C:\\Users\\akhfi\\Documents\\!Kuliah\\!Mata_Kuliah\\Semester 4\\Pengembangan Aplikasi Web Lanjut A\\Ecoin-Hosted\\vendor\\laravel\\framework\\src\\Illuminate\\Foundation\\Console\\RouteCacheCommand.php(108): Illuminate\\Routing\\AbstractRouteCollection->compile()
#5 C:\\Users\\akhfi\\Documents\\!Kuliah\\!Mata_Kuliah\\Semester 4\\Pengembangan Aplikasi Web Lanjut A\\Ecoin-Hosted\\vendor\\laravel\\framework\\src\\Illuminate\\Foundation\\Console\\RouteCacheCommand.php(67): Illuminate\\Foundation\\Console\\RouteCacheCommand->buildRouteCacheFile(Object(Illuminate\\Routing\\RouteCollection))
#6 C:\\Users\\akhfi\\Documents\\!Kuliah\\!Mata_Kuliah\\Semester 4\\Pengembangan Aplikasi Web Lanjut A\\Ecoin-Hosted\\vendor\\laravel\\framework\\src\\Illuminate\\Container\\BoundMethod.php(36): Illuminate\\Foundation\\Console\\RouteCacheCommand->handle()
#7 C:\\Users\\akhfi\\Documents\\!Kuliah\\!Mata_Kuliah\\Semester 4\\Pengembangan Aplikasi Web Lanjut A\\Ecoin-Hosted\\vendor\\laravel\\framework\\src\\Illuminate\\Container\\Util.php(43): Illuminate\\Container\\BoundMethod::Illuminate\\Container\\{closure}()
#8 C:\\Users\\akhfi\\Documents\\!Kuliah\\!Mata_Kuliah\\Semester 4\\Pengembangan Aplikasi Web Lanjut A\\Ecoin-Hosted\\vendor\\laravel\\framework\\src\\Illuminate\\Container\\BoundMethod.php(96): Illuminate\\Container\\Util::unwrapIfClosure(Object(Closure))
#9 C:\\Users\\akhfi\\Documents\\!Kuliah\\!Mata_Kuliah\\Semester 4\\Pengembangan Aplikasi Web Lanjut A\\Ecoin-Hosted\\vendor\\laravel\\framework\\src\\Illuminate\\Container\\BoundMethod.php(35): Illuminate\\Container\\BoundMethod::callBoundMethod(Object(Illuminate\\Foundation\\Application), Array, Object(Closure))
#10 C:\\Users\\akhfi\\Documents\\!Kuliah\\!Mata_Kuliah\\Semester 4\\Pengembangan Aplikasi Web Lanjut A\\Ecoin-Hosted\\vendor\\laravel\\framework\\src\\Illuminate\\Container\\Container.php(754): Illuminate\\Container\\BoundMethod::call(Object(Illuminate\\Foundation\\Application), Array, Array, NULL)
#11 C:\\Users\\akhfi\\Documents\\!Kuliah\\!Mata_Kuliah\\Semester 4\\Pengembangan Aplikasi Web Lanjut A\\Ecoin-Hosted\\vendor\\laravel\\framework\\src\\Illuminate\\Console\\Command.php(211): Illuminate\\Container\\Container->call(Array)
#12 C:\\Users\\akhfi\\Documents\\!Kuliah\\!Mata_Kuliah\\Semester 4\\Pengembangan Aplikasi Web Lanjut A\\Ecoin-Hosted\\vendor\\symfony\\console\\Command\\Command.php(279): Illuminate\\Console\\Command->execute(Object(Symfony\\Component\\Console\\Input\\ArgvInput), Object(Illuminate\\Console\\OutputStyle))
#13 C:\\Users\\akhfi\\Documents\\!Kuliah\\!Mata_Kuliah\\Semester 4\\Pengembangan Aplikasi Web Lanjut A\\Ecoin-Hosted\\vendor\\laravel\\framework\\src\\Illuminate\\Console\\Command.php(180): Symfony\\Component\\Console\\Command\\Command->run(Object(Symfony\\Component\\Console\\Input\\ArgvInput), Object(Illuminate\\Console\\OutputStyle))
#14 C:\\Users\\akhfi\\Documents\\!Kuliah\\!Mata_Kuliah\\Semester 4\\Pengembangan Aplikasi Web Lanjut A\\Ecoin-Hosted\\vendor\\symfony\\console\\Application.php(1094): Illuminate\\Console\\Command->run(Object(Symfony\\Component\\Console\\Input\\ArgvInput), Object(Symfony\\Component\\Console\\Output\\ConsoleOutput))
#15 C:\\Users\\akhfi\\Documents\\!Kuliah\\!Mata_Kuliah\\Semester 4\\Pengembangan Aplikasi Web Lanjut A\\Ecoin-Hosted\\vendor\\symfony\\console\\Application.php(342): Symfony\\Component\\Console\\Application->doRunCommand(Object(Illuminate\\Foundation\\Console\\RouteCacheCommand), Object(Symfony\\Component\\Console\\Input\\ArgvInput), Object(Symfony\\Component\\Console\\Output\\ConsoleOutput))
#16 C:\\Users\\akhfi\\Documents\\!Kuliah\\!Mata_Kuliah\\Semester 4\\Pengembangan Aplikasi Web Lanjut A\\Ecoin-Hosted\\vendor\\symfony\\console\\Application.php(193): Symfony\\Component\\Console\\Application->doRun(Object(Symfony\\Component\\Console\\Input\\ArgvInput), Object(Symfony\\Component\\Console\\Output\\ConsoleOutput))
#17 C:\\Users\\akhfi\\Documents\\!Kuliah\\!Mata_Kuliah\\Semester 4\\Pengembangan Aplikasi Web Lanjut A\\Ecoin-Hosted\\vendor\\laravel\\framework\\src\\Illuminate\\Foundation\\Console\\Kernel.php(197): Symfony\\Component\\Console\\Application->run(Object(Symfony\\Component\\Console\\Input\\ArgvInput), Object(Symfony\\Component\\Console\\Output\\ConsoleOutput))
#18 C:\\Users\\akhfi\\Documents\\!Kuliah\\!Mata_Kuliah\\Semester 4\\Pengembangan Aplikasi Web Lanjut A\\Ecoin-Hosted\\vendor\\laravel\\framework\\src\\Illuminate\\Foundation\\Application.php(1234): Illuminate\\Foundation\\Console\\Kernel->handle(Object(Symfony\\Component\\Console\\Input\\ArgvInput), Object(Symfony\\Component\\Console\\Output\\ConsoleOutput))
#19 C:\\Users\\akhfi\\Documents\\!Kuliah\\!Mata_Kuliah\\Semester 4\\Pengembangan Aplikasi Web Lanjut A\\Ecoin-Hosted\\artisan(16): Illuminate\\Foundation\\Application->handleCommand(Object(Symfony\\Component\\Console\\Input\\ArgvInput))
#20 {main}
"} 
